Oracle SQL Developer Data Modeler 24.3.1.351.0831
Oracle SQL Developer Data Modeler Import Log
Date and Time: 2025-11-19 21:09:02 CLST
Design Name: Untitled_1
RDBMS : Oracle Database 21c

		All Statements: 		28
		Imported Statements: 	8
		Failed Statements: 		0
		Not Recognized Statements: 	20

<<<<< Not Recognized >>>>>
INSERT INTO comuna (id_comuna,nom_comuna)VALUES(100,'Providencia')

INSERT INTO comuna (id_comuna,nom_comuna)VALUES(105,'Santiago')

INSERT INTO comuna (id_comuna,nom_comuna)VALUES(110,'Ñuñoa')

INSERT INTO comuna (id_comuna,nom_comuna)VALUES(115,'La Florida')

INSERT INTO comuna (id_comuna,nom_comuna)VALUES(120,'Maipú')

INSERT INTO zona (id_zona,nom_zona,porc)VALUES(1,'Norte',8.56)

INSERT INTO zona (id_zona,nom_zona,porc)VALUES(2,'Sur',10.48)

INSERT INTO zona (id_zona,nom_zona,porc)VALUES(3,'Oriente',11.27)

INSERT INTO zona (id_zona,nom_zona,porc)VALUES(4,'Poniente',7.24)

INSERT INTO zona (id_zona,nom_zona,porc)VALUES(5,'Centro',7.24)

INSERT INTO categoria (id_categoria,nom_categoria,porcentaje)VALUES(1,'Categoria A',17.5)

INSERT INTO categoria (id_categoria,nom_categoria,porcentaje)VALUES(2,'Categoria B',12.6)

INSERT INTO categoria (id_categoria,nom_categoria,porcentaje)VALUES(3,'Categoria C',9.4)

INSERT INTO categoria (id_categoria,nom_categoria,porcentaje)VALUES(4,'Categoria D',7.2)

INSERT INTO categoria (id_categoria,nom_categoria,porcentaje)VALUES(5,'Categoria E',5.4)

INSERT INTO marca (id_marca,nom_marca)VALUES(1000,'Familand')

INSERT INTO marca (id_marca,nom_marca)VALUES(1100,'Nivea')

INSERT INTO marca (id_marca,nom_marca)VALUES(1200,'Dove')

INSERT INTO marca (id_marca,nom_marca)VALUES(1300,'Gillette')

INSERT INTO marca (id_marca,nom_marca)VALUES(1400,'Monterrey')

